<?xml version="1.0" encoding="UTF-8"?>
<!-- Generated by org.testng.reporters.JUnitXMLReporter -->
<testsuite hostname="INBANN0H488478" name="Testing Parameterization" tests="2" failures="0" timestamp="21 Jun 2015 02:07:54 GMT" time="0.031" errors="0">
  <testcase name="testCaseOne" time="0.015" classname="com.ecare.com.ecare.TestNG.TestNgwithParameter"/>
  <testcase name="testCaseTwo" time="0.0" classname="com.ecare.com.ecare.TestNG.TestNgwithParameter"/>
</testsuite> <!-- Testing Parameterization -->
